2024-05-14 03:24:07.831 | INFO     | __main__:<module>:892 - hera started.
2024-05-14 10:22:29.578 | ERROR    | __main__:run:509 - b4c3
2024-05-14 10:23:41.407 | ERROR    | __main__:run:509 - e8g8
2024-05-14 10:23:41.409 | ERROR    | __main__:run:510 - r1bqk2r/pp2bppp/2np1n2/2p1p1B1/P1B1P3/2NP1N2/1PP2PPP/R2QK2R b KQkq - 2 7
2024-05-14 10:24:58.297 | ERROR    | __main__:run:509 - a8a3 r2bk3/1R6/4p1p1/2PpPpPp/3P3P/N3K3/6P1/8 b - - 0 40
2024-05-14 10:26:33.805 | ERROR    | __main__:run:509 - e8g8 1rbqk2r/pp3ppp/2np1b2/2pNp3/P1B1P3/3P1N2/1PP2PPP/R2QK2R b KQk - 1 9
2024-05-14 10:26:38.737 | ERROR    | __main__:run:509 - e1g1 r1bqkbnr/1p3ppp/p1p5/2p1p3/4P3/2P2N2/PP1P1PPP/RNBQK2R w KQkq - 0 6
2024-05-14 10:26:42.935 | ERROR    | __main__:run:509 - d1d8 r1bqk2r/pp2ppbp/2p2np1/8/4P3/2N1B3/PPP2PPP/R2QKB1R w KQkq - 0 8
2024-05-14 10:27:38.866 | ERROR    | __main__:run:509 - e1c1 r1bqk2r/pp2bppp/2nppn2/6B1/3NP3/2N5/PPPQ1PPP/R3KB1R w KQkq - 2 8
2024-05-14 10:27:45.466 | ERROR    | __main__:run:509 - e1g1 r1b1kb1r/pp2pppp/1nnq4/2p5/8/2P2N2/PP1PBPPP/RNBQK2R w KQkq - 0 8
2024-05-14 10:27:50.782 | ERROR    | __main__:run:509 - e1g1 r1bqk1nr/pp3ppp/2nb4/1Bpp4/3P4/2P2N2/PP3PPP/RNBQK2R w KQkq - 2 7
2024-05-14 10:27:54.753 | ERROR    | __main__:run:509 - e1g1 r1bqkbnr/1p3ppp/p1p5/2p1p3/4P3/2P2N2/PP1P1PPP/RNBQK2R w KQkq - 0 6
2024-05-14 10:28:00.000 | ERROR    | __main__:run:509 - e1c1 r2qkb1r/3b1pp1/p1nppn1p/1p6/3NPP1B/2NQ4/PPP3PP/R3KB1R w KQkq - 1 11
2024-05-14 10:28:11.370 | ERROR    | __main__:run:509 - d4d7 2b1k3/3ppp2/6pb/7p/3Q3P/7R/4PKP1/5BN1 w - - 0 19
2024-05-14 10:29:22.219 | ERROR    | __main__:run:509 - h5e5 1nb2bn1/1pppkpp1/8/4p2Q/8/4P3/R1PP1PP1/1NB1KBN1 w - - 1 9
2024-05-14 10:30:37.479 | ERROR    | __main__:run:509 - a8a3 rn1q3r/1b1p1k1p/1pp1p1p1/7n/3P4/P2K1P2/P1P1P1PP/R4BNR b - - 1 12
2024-05-15 02:24:25.796 | ERROR    | __main__:run:508 - e1g1 r1b1kb1r/pp1ppp1p/2n2np1/q7/2BNP3/2P5/PP3PPP/RNBQK2R w KQkq - 1 7
2024-05-15 03:36:57.009 | ERROR    | __main__:extract_packet:850 - e4 rnbqkbnr/pppppppp/8/8/4P3/8/PPPP1PPP/RNBQKBNR b KQkq - 0 1
2024-05-15 03:36:57.033 | ERROR    | __main__:extract_packet:850 - c5 rnbqkbnr/pp1ppppp/8/2p5/4P3/8/PPPP1PPP/RNBQKBNR w KQkq - 0 2
2024-05-15 03:36:57.065 | ERROR    | __main__:extract_packet:850 - Nc3 rnbqkbnr/pp1ppppp/8/2p5/4P3/2N5/PPPP1PPP/R1BQKBNR b KQkq - 1 2
2024-05-15 03:36:57.080 | ERROR    | __main__:extract_packet:850 - Nc6 r1bqkbnr/pp1ppppp/2n5/2p5/4P3/2N5/PPPP1PPP/R1BQKBNR w KQkq - 2 3
2024-05-15 03:36:57.097 | ERROR    | __main__:extract_packet:850 - Nf3 r1bqkbnr/pp1ppppp/2n5/2p5/4P3/2N2N2/PPPP1PPP/R1BQKB1R b KQkq - 3 3
2024-05-15 03:36:57.113 | ERROR    | __main__:extract_packet:850 - e5 r1bqkbnr/pp1p1ppp/2n5/2p1p3/4P3/2N2N2/PPPP1PPP/R1BQKB1R w KQkq - 0 4
2024-05-15 03:36:57.131 | ERROR    | __main__:extract_packet:850 - Bc4 r1bqkbnr/pp1p1ppp/2n5/2p1p3/2B1P3/2N2N2/PPPP1PPP/R1BQK2R b KQkq - 1 4
2024-05-15 03:36:57.155 | ERROR    | __main__:extract_packet:850 - d6 r1bqkbnr/pp3ppp/2np4/2p1p3/2B1P3/2N2N2/PPPP1PPP/R1BQK2R w KQkq - 0 5
2024-05-15 03:36:57.200 | ERROR    | __main__:extract_packet:850 - O-O r1bqkbnr/pp3ppp/2np4/2p1p3/2B1P3/2N2N2/PPPP1PPP/R1BQ1RK1 b kq - 1 5
2024-05-15 03:36:57.217 | ERROR    | __main__:extract_packet:850 - Be7 r1bqk1nr/pp2bppp/2np4/2p1p3/2B1P3/2N2N2/PPPP1PPP/R1BQ1RK1 w kq - 2 6
2024-05-15 03:36:57.247 | ERROR    | __main__:extract_packet:850 - d3 r1bqk1nr/pp2bppp/2np4/2p1p3/2B1P3/2NP1N2/PPP2PPP/R1BQ1RK1 b kq - 0 6
2024-05-15 03:36:57.280 | ERROR    | __main__:extract_packet:850 - Nf6 r1bqk2r/pp2bppp/2np1n2/2p1p3/2B1P3/2NP1N2/PPP2PPP/R1BQ1RK1 w kq - 1 7
2024-05-15 03:36:57.310 | ERROR    | __main__:extract_packet:850 - Ng5 r1bqk2r/pp2bppp/2np1n2/2p1p1N1/2B1P3/2NP4/PPP2PPP/R1BQ1RK1 b kq - 2 7
2024-05-15 03:36:57.328 | ERROR    | __main__:extract_packet:850 - O-O r1bq1rk1/pp2bppp/2np1n2/2p1p1N1/2B1P3/2NP4/PPP2PPP/R1BQ1RK1 w - - 3 8
2024-05-15 03:36:57.355 | ERROR    | __main__:extract_packet:850 - f4 r1bq1rk1/pp2bppp/2np1n2/2p1p1N1/2B1PP2/2NP4/PPP3PP/R1BQ1RK1 b - - 0 8
2024-05-15 03:36:57.383 | ERROR    | __main__:extract_packet:850 - h6 r1bq1rk1/pp2bpp1/2np1n1p/2p1p1N1/2B1PP2/2NP4/PPP3PP/R1BQ1RK1 w - - 0 9
2024-05-15 03:36:57.413 | ERROR    | __main__:extract_packet:850 - Nf3 r1bq1rk1/pp2bpp1/2np1n1p/2p1p3/2B1PP2/2NP1N2/PPP3PP/R1BQ1RK1 b - - 1 9
2024-05-15 03:36:57.432 | ERROR    | __main__:extract_packet:850 - a6 r1bq1rk1/1p2bpp1/p1np1n1p/2p1p3/2B1PP2/2NP1N2/PPP3PP/R1BQ1RK1 w - - 0 10
2024-05-15 03:36:57.472 | ERROR    | __main__:extract_packet:850 - a4 r1bq1rk1/1p2bpp1/p1np1n1p/2p1p3/P1B1PP2/2NP1N2/1PP3PP/R1BQ1RK1 b - - 0 10
2024-05-15 03:36:57.506 | ERROR    | __main__:extract_packet:850 - exf4 r1bq1rk1/1p2bpp1/p1np1n1p/2p5/P1B1Pp2/2NP1N2/1PP3PP/R1BQ1RK1 w - - 0 11
2024-05-15 03:36:57.518 | ERROR    | __main__:extract_packet:850 - Bxf4 r1bq1rk1/1p2bpp1/p1np1n1p/2p5/P1B1PB2/2NP1N2/1PP3PP/R2Q1RK1 b - - 0 11
2024-05-15 03:36:57.543 | ERROR    | __main__:extract_packet:850 - Be6 r2q1rk1/1p2bpp1/p1npbn1p/2p5/P1B1PB2/2NP1N2/1PP3PP/R2Q1RK1 w - - 1 12
2024-05-15 03:38:24.601 | ERROR    | __main__:extract_packet:850 - e4 rnbqkbnr/pppppppp/8/8/4P3/8/PPPP1PPP/RNBQKBNR b KQkq - 0 1
2024-05-15 03:38:24.626 | ERROR    | __main__:extract_packet:850 - c5 rnbqkbnr/pp1ppppp/8/2p5/4P3/8/PPPP1PPP/RNBQKBNR w KQkq - 0 2
2024-05-15 03:38:24.656 | ERROR    | __main__:extract_packet:850 - Nc3 rnbqkbnr/pp1ppppp/8/2p5/4P3/2N5/PPPP1PPP/R1BQKBNR b KQkq - 1 2
2024-05-15 03:38:24.682 | ERROR    | __main__:extract_packet:850 - Nc6 r1bqkbnr/pp1ppppp/2n5/2p5/4P3/2N5/PPPP1PPP/R1BQKBNR w KQkq - 2 3
2024-05-15 03:38:24.699 | ERROR    | __main__:extract_packet:850 - Nf3 r1bqkbnr/pp1ppppp/2n5/2p5/4P3/2N2N2/PPPP1PPP/R1BQKB1R b KQkq - 3 3
2024-05-15 03:38:24.715 | ERROR    | __main__:extract_packet:850 - e5 r1bqkbnr/pp1p1ppp/2n5/2p1p3/4P3/2N2N2/PPPP1PPP/R1BQKB1R w KQkq - 0 4
2024-05-15 03:38:24.731 | ERROR    | __main__:extract_packet:850 - Bc4 r1bqkbnr/pp1p1ppp/2n5/2p1p3/2B1P3/2N2N2/PPPP1PPP/R1BQK2R b KQkq - 1 4
2024-05-15 03:38:24.760 | ERROR    | __main__:extract_packet:850 - d6 r1bqkbnr/pp3ppp/2np4/2p1p3/2B1P3/2N2N2/PPPP1PPP/R1BQK2R w KQkq - 0 5
2024-05-15 03:38:24.775 | ERROR    | __main__:extract_packet:850 - d3 r1bqkbnr/pp3ppp/2np4/2p1p3/2B1P3/2NP1N2/PPP2PPP/R1BQK2R b KQkq - 0 5
2024-05-15 03:38:24.807 | ERROR    | __main__:extract_packet:850 - Be7 r1bqk1nr/pp2bppp/2np4/2p1p3/2B1P3/2NP1N2/PPP2PPP/R1BQK2R w KQkq - 1 6
2024-05-15 03:38:24.836 | ERROR    | __main__:extract_packet:850 - h3 r1bqk1nr/pp2bppp/2np4/2p1p3/2B1P3/2NP1N1P/PPP2PP1/R1BQK2R b KQkq - 0 6
2024-05-15 03:38:24.853 | ERROR    | __main__:extract_packet:850 - Nf6 r1bqk2r/pp2bppp/2np1n2/2p1p3/2B1P3/2NP1N1P/PPP2PP1/R1BQK2R w KQkq - 1 7
2024-05-15 03:38:24.900 | ERROR    | __main__:extract_packet:850 - a4 r1bqk2r/pp2bppp/2np1n2/2p1p3/P1B1P3/2NP1N1P/1PP2PP1/R1BQK2R b KQkq - 0 7
2024-05-15 03:38:24.924 | ERROR    | __main__:extract_packet:850 - O-O r1bq1rk1/pp2bppp/2np1n2/2p1p3/P1B1P3/2NP1N1P/1PP2PP1/R1BQK2R w KQ - 1 8
2024-05-15 03:38:24.957 | ERROR    | __main__:extract_packet:850 - Nh2 r1bq1rk1/pp2bppp/2np1n2/2p1p3/P1B1P3/2NP3P/1PP2PPN/R1BQK2R b KQ - 2 8
2024-05-15 03:38:24.977 | ERROR    | __main__:extract_packet:850 - Be6 r2q1rk1/pp2bppp/2npbn2/2p1p3/P1B1P3/2NP3P/1PP2PPN/R1BQK2R w KQ - 3 9
2024-05-15 03:38:24.997 | ERROR    | __main__:extract_packet:850 - Ng4 r2q1rk1/pp2bppp/2npbn2/2p1p3/P1B1P1N1/2NP3P/1PP2PP1/R1BQK2R b KQ - 4 9
2024-05-15 03:38:25.034 | ERROR    | __main__:extract_packet:850 - Nxe4 r2q1rk1/pp2bppp/2npb3/2p1p3/P1B1n1N1/2NP3P/1PP2PP1/R1BQK2R w KQ - 0 10
2024-05-15 03:38:25.066 | ERROR    | __main__:extract_packet:850 - Bxe6 r2q1rk1/pp2bppp/2npB3/2p1p3/P3n1N1/2NP3P/1PP2PP1/R1BQK2R b KQ - 0 10
2024-05-15 03:38:34.403 | ERROR    | __main__:extract_packet:850 - e4 rnbqkbnr/pppppppp/8/8/4P3/8/PPPP1PPP/RNBQKBNR b KQkq - 0 1
2024-05-15 03:38:34.427 | ERROR    | __main__:extract_packet:850 - c5 rnbqkbnr/pp1ppppp/8/2p5/4P3/8/PPPP1PPP/RNBQKBNR w KQkq - 0 2
2024-05-15 03:38:34.459 | ERROR    | __main__:extract_packet:850 - Nc3 rnbqkbnr/pp1ppppp/8/2p5/4P3/2N5/PPPP1PPP/R1BQKBNR b KQkq - 1 2
2024-05-15 03:38:34.482 | ERROR    | __main__:extract_packet:850 - d6 rnbqkbnr/pp2pppp/3p4/2p5/4P3/2N5/PPPP1PPP/R1BQKBNR w KQkq - 0 3
2024-05-15 03:38:34.508 | ERROR    | __main__:extract_packet:850 - Nf3 rnbqkbnr/pp2pppp/3p4/2p5/4P3/2N2N2/PPPP1PPP/R1BQKB1R b KQkq - 1 3
2024-05-15 03:38:34.532 | ERROR    | __main__:extract_packet:850 - Nf6 rnbqkb1r/pp2pppp/3p1n2/2p5/4P3/2N2N2/PPPP1PPP/R1BQKB1R w KQkq - 2 4
2024-05-15 03:38:34.555 | ERROR    | __main__:extract_packet:850 - d4 rnbqkb1r/pp2pppp/3p1n2/2p5/3PP3/2N2N2/PPP2PPP/R1BQKB1R b KQkq - 0 4
2024-05-15 03:38:34.573 | ERROR    | __main__:extract_packet:850 - cxd4 rnbqkb1r/pp2pppp/3p1n2/8/3pP3/2N2N2/PPP2PPP/R1BQKB1R w KQkq - 0 5
2024-05-15 03:38:34.602 | ERROR    | __main__:extract_packet:850 - Nxd4 rnbqkb1r/pp2pppp/3p1n2/8/3NP3/2N5/PPP2PPP/R1BQKB1R b KQkq - 0 5
2024-05-15 03:38:34.628 | ERROR    | __main__:extract_packet:850 - a6 rnbqkb1r/1p2pppp/p2p1n2/8/3NP3/2N5/PPP2PPP/R1BQKB1R w KQkq - 0 6
2024-05-15 03:38:55.413 | ERROR    | __main__:extract_packet:850 - e4 rnbqkbnr/pppppppp/8/8/4P3/8/PPPP1PPP/RNBQKBNR b KQkq - 0 1
2024-05-15 03:38:55.438 | ERROR    | __main__:extract_packet:850 - c5 rnbqkbnr/pp1ppppp/8/2p5/4P3/8/PPPP1PPP/RNBQKBNR w KQkq - 0 2
2024-05-15 03:38:55.472 | ERROR    | __main__:extract_packet:850 - Nc3 rnbqkbnr/pp1ppppp/8/2p5/4P3/2N5/PPPP1PPP/R1BQKBNR b KQkq - 1 2
2024-05-15 03:38:55.494 | ERROR    | __main__:extract_packet:850 - d6 rnbqkbnr/pp2pppp/3p4/2p5/4P3/2N5/PPPP1PPP/R1BQKBNR w KQkq - 0 3
2024-05-15 03:38:55.518 | ERROR    | __main__:extract_packet:850 - Nf3 rnbqkbnr/pp2pppp/3p4/2p5/4P3/2N2N2/PPPP1PPP/R1BQKB1R b KQkq - 1 3
2024-05-15 03:38:55.549 | ERROR    | __main__:extract_packet:850 - Nf6 rnbqkb1r/pp2pppp/3p1n2/2p5/4P3/2N2N2/PPPP1PPP/R1BQKB1R w KQkq - 2 4
2024-05-15 03:38:55.587 | ERROR    | __main__:extract_packet:850 - d4 rnbqkb1r/pp2pppp/3p1n2/2p5/3PP3/2N2N2/PPP2PPP/R1BQKB1R b KQkq - 0 4
2024-05-15 03:38:55.608 | ERROR    | __main__:extract_packet:850 - cxd4 rnbqkb1r/pp2pppp/3p1n2/8/3pP3/2N2N2/PPP2PPP/R1BQKB1R w KQkq - 0 5
2024-05-15 03:38:55.636 | ERROR    | __main__:extract_packet:850 - Nxd4 rnbqkb1r/pp2pppp/3p1n2/8/3NP3/2N5/PPP2PPP/R1BQKB1R b KQkq - 0 5
2024-05-15 03:38:55.664 | ERROR    | __main__:extract_packet:850 - e6 rnbqkb1r/pp3ppp/3ppn2/8/3NP3/2N5/PPP2PPP/R1BQKB1R w KQkq - 0 6
2024-05-15 03:39:18.105 | ERROR    | __main__:extract_packet:850 - e4 rnbqkbnr/pppppppp/8/8/4P3/8/PPPP1PPP/RNBQKBNR b KQkq - 0 1
2024-05-15 03:39:18.131 | ERROR    | __main__:extract_packet:850 - c5 rnbqkbnr/pp1ppppp/8/2p5/4P3/8/PPPP1PPP/RNBQKBNR w KQkq - 0 2
2024-05-15 03:39:18.162 | ERROR    | __main__:extract_packet:850 - Nc3 rnbqkbnr/pp1ppppp/8/2p5/4P3/2N5/PPPP1PPP/R1BQKBNR b KQkq - 1 2
2024-05-15 03:39:18.185 | ERROR    | __main__:extract_packet:850 - Nc6 r1bqkbnr/pp1ppppp/2n5/2p5/4P3/2N5/PPPP1PPP/R1BQKBNR w KQkq - 2 3
2024-05-15 03:39:18.212 | ERROR    | __main__:extract_packet:850 - Bb5 r1bqkbnr/pp1ppppp/2n5/1Bp5/4P3/2N5/PPPP1PPP/R1BQK1NR b KQkq - 3 3
2024-05-15 03:39:18.234 | ERROR    | __main__:extract_packet:850 - Nd4 r1bqkbnr/pp1ppppp/8/1Bp5/3nP3/2N5/PPPP1PPP/R1BQK1NR w KQkq - 4 4
2024-05-15 03:39:18.274 | ERROR    | __main__:extract_packet:850 - Nf3 r1bqkbnr/pp1ppppp/8/1Bp5/3nP3/2N2N2/PPPP1PPP/R1BQK2R b KQkq - 5 4
2024-05-15 03:39:18.306 | ERROR    | __main__:extract_packet:850 - a6 r1bqkbnr/1p1ppppp/p7/1Bp5/3nP3/2N2N2/PPPP1PPP/R1BQK2R w KQkq - 0 5
2024-05-15 03:39:18.329 | ERROR    | __main__:extract_packet:850 - Bd3 r1bqkbnr/1p1ppppp/p7/2p5/3nP3/2NB1N2/PPPP1PPP/R1BQK2R b KQkq - 1 5
2024-05-15 03:39:18.359 | ERROR    | __main__:extract_packet:850 - g6 r1bqkbnr/1p1ppp1p/p5p1/2p5/3nP3/2NB1N2/PPPP1PPP/R1BQK2R w KQkq - 0 6
2024-05-15 03:39:18.387 | ERROR    | __main__:extract_packet:850 - Nxd4 r1bqkbnr/1p1ppp1p/p5p1/2p5/3NP3/2NB4/PPPP1PPP/R1BQK2R b KQkq - 0 6
2024-05-15 03:39:18.402 | ERROR    | __main__:extract_packet:850 - cxd4 r1bqkbnr/1p1ppp1p/p5p1/8/3pP3/2NB4/PPPP1PPP/R1BQK2R w KQkq - 0 7
2024-05-15 03:39:18.423 | ERROR    | __main__:extract_packet:850 - Ne2 r1bqkbnr/1p1ppp1p/p5p1/8/3pP3/3B4/PPPPNPPP/R1BQK2R b KQkq - 1 7
